<?xml version="1.0" encoding="UTF-8"?>
<TestRun id="511e0392-42fd-42a2-b221-683cd2837b59" name="admin@ADMIN-PC 2015-10-09 10:17:30" runUser="admin-PC\admin" xmlns="http://microsoft.com/schemas/VisualStudio/TeamTest/2010">
  <TestSettings name="Local" id="e94d40cc-ba1c-49e7-b953-c9a79a8d36ef">
    <Description>These are default test settings for a local test run.</Description>
    <Deployment enabled="false" runDeploymentRoot="admin_ADMIN-PC 2015-10-09 10_17_30">
      <DeploymentItem filename="C:\wells Fargo\Git\TDD_ArithmeticQuiz\ArithmeticQuiz\ArithmeticQuiz\bin\Debug\ArithmeticQuiz.dll" />
    </Deployment>
    <Execution>
      <TestTypeSpecific />
      <AgentRule name="Execution Agents">
      </AgentRule>
    </Execution>
  </TestSettings>
  <Times creation="2015-10-09T10:17:30.7730486+05:30" queuing="2015-10-09T10:17:31.8361094+05:30" start="2015-10-09T10:17:31.9421155+05:30" finish="2015-10-09T10:18:34.5816983+05:30" />
  <ResultSummary outcome="Error">
    <Counters total="1" executed="1" error="0" failed="0" timeout="0" aborted="1" inconclusive="0" passedButRunAborted="0" notRunnable="0" notExecuted="0" disconnected="0" warning="0" passed="0" completed="0" inProgress="0" pending="0" />
    <RunInfos>
      <RunInfo computerName="ADMIN-PC" outcome="Error" timestamp="2015-10-09T10:18:34.5806982+05:30">
        <Text>Test host process exited unexpectedly.</Text>
      </RunInfo>
    </RunInfos>
  </ResultSummary>
  <TestDefinitions>
    <UnitTest name="TestIfgetRandomNumbersReturnsLengthAsNoOfRandomCounts" storage="c:\wells fargo\git\tdd_arithmeticquiz\arithmeticquiz\arithmeticquiztests\bin\debug\arithmeticquiztests.dll" id="c8ad1c75-8955-848c-778f-b054f84aecbb">
      <Execution id="1c22e2b6-9b27-4a7f-bc6b-43f48c8cfb17" />
      <TestMethod codeBase="C:/wells Fargo/Git/TDD_ArithmeticQuiz/ArithmeticQuiz/ArithmeticQuizTests/bin/Debug/ArithmeticQuizTests.DLL" adapterTypeName="Microsoft.VisualStudio.TestTools.TestTypes.Unit.UnitTestAdapter, Microsoft.VisualStudio.QualityTools.Tips.UnitTest.Adapter, Version=10.0.0.0, Culture=neutral, PublicKeyToken=b03f5f7f11d50a3a" className="ArithmeticQuizTests.RandomGeneratorTests, ArithmeticQuizTests, Version=1.0.0.0, Culture=neutral, PublicKeyToken=null" name="TestIfgetRandomNumbersReturnsLengthAsNoOfRandomCounts" />
    </UnitTest>
  </TestDefinitions>
  <TestLists>
    <TestList name="Results Not in a List" id="8c84fa94-04c1-424b-9868-57a2d4851a1d" />
    <TestList name="All Loaded Results" id="19431567-8539-422a-85d7-44ee4e166bda" />
  </TestLists>
  <TestEntries>
    <TestEntry testId="c8ad1c75-8955-848c-778f-b054f84aecbb" executionId="1c22e2b6-9b27-4a7f-bc6b-43f48c8cfb17" testListId="8c84fa94-04c1-424b-9868-57a2d4851a1d" />
  </TestEntries>
  <Results>
    <UnitTestResult executionId="1c22e2b6-9b27-4a7f-bc6b-43f48c8cfb17" testId="c8ad1c75-8955-848c-778f-b054f84aecbb" testName="TestIfgetRandomNumbersReturnsLengthAsNoOfRandomCounts" computerName="ADMIN-PC" duration="00:01:02.5745791" startTime="2015-10-09T10:17:32.0071192+05:30" endTime="2015-10-09T10:18:34.5816983+05:30" testType="13cdc9d9-ddb5-4fa4-a97d-d965ccfc6d4b" outcome="Aborted" testListId="8c84fa94-04c1-424b-9868-57a2d4851a1d" relativeResultsDirectory="1c22e2b6-9b27-4a7f-bc6b-43f48c8cfb17">
    </UnitTestResult>
  </Results>
</TestRun>