<?xml version="1.0" encoding="UTF-8"?>
<TestRun id="6b789c26-114c-4f6f-9073-8cebc15f9cb2" name="admin@ADMIN-PC 2015-10-09 10:03:41" runUser="admin-PC\admin" xmlns="http://microsoft.com/schemas/VisualStudio/TeamTest/2010">
  <TestSettings name="Local" id="e94d40cc-ba1c-49e7-b953-c9a79a8d36ef">
    <Description>These are default test settings for a local test run.</Description>
    <Deployment enabled="false" runDeploymentRoot="admin_ADMIN-PC 2015-10-09 10_03_41">
      <DeploymentItem filename="C:\wells Fargo\Git\TDD_ArithmeticQuiz\ArithmeticQuiz\ArithmeticQuiz\bin\Debug\ArithmeticQuiz.dll" />
    </Deployment>
    <Execution>
      <TestTypeSpecific />
      <AgentRule name="Execution Agents">
      </AgentRule>
    </Execution>
  </TestSettings>
  <Times creation="2015-10-09T10:03:41.5796215+05:30" queuing="2015-10-09T10:03:41.5856218+05:30" start="2015-10-09T10:03:41.5916221+05:30" finish="2015-10-09T10:03:44.8858106+05:30" />
  <ResultSummary outcome="Error">
    <Counters total="4" executed="4" error="4" failed="0" timeout="0" aborted="0" inconclusive="0" passedButRunAborted="0" notRunnable="0" notExecuted="0" disconnected="0" warning="0" passed="0" completed="0" inProgress="0" pending="0" />
  </ResultSummary>
  <TestDefinitions>
    <UnitTest name="TestIfStartPointExists" storage="c:\wells fargo\git\tdd_arithmeticquiz\arithmeticquiz\arithmeticquiztests\bin\debug\arithmeticquiztests.dll" id="92daae77-59eb-29b4-38e0-38c2ca6f7558">
      <Execution id="8c51bb9b-33e5-4770-8a2d-a0eeaaa5a8c0" />
      <TestMethod codeBase="C:/wells Fargo/Git/TDD_ArithmeticQuiz/ArithmeticQuiz/ArithmeticQuizTests/bin/Debug/ArithmeticQuizTests.DLL" adapterTypeName="Microsoft.VisualStudio.TestTools.TestTypes.Unit.UnitTestAdapter, Microsoft.VisualStudio.QualityTools.Tips.UnitTest.Adapter, Version=10.0.0.0, Culture=neutral, PublicKeyToken=b03f5f7f11d50a3a" className="ArithmeticQuizTests.RandomGeneratorTests, ArithmeticQuizTests, Version=1.0.0.0, Culture=neutral, PublicKeyToken=null" name="TestIfStartPointExists" />
    </UnitTest>
    <UnitTest name="TestIfEndPointExists" storage="c:\wells fargo\git\tdd_arithmeticquiz\arithmeticquiz\arithmeticquiztests\bin\debug\arithmeticquiztests.dll" id="0e40b9bd-dcaf-b7b5-edfa-454025281dfb">
      <Execution id="93afbe70-f401-4b96-b924-2a40b2f92011" />
      <TestMethod codeBase="C:/wells Fargo/Git/TDD_ArithmeticQuiz/ArithmeticQuiz/ArithmeticQuizTests/bin/Debug/ArithmeticQuizTests.DLL" adapterTypeName="Microsoft.VisualStudio.TestTools.TestTypes.Unit.UnitTestAdapter, Microsoft.VisualStudio.QualityTools.Tips.UnitTest.Adapter, Version=10.0.0.0, Culture=neutral, PublicKeyToken=b03f5f7f11d50a3a" className="ArithmeticQuizTests.RandomGeneratorTests, ArithmeticQuizTests, Version=1.0.0.0, Culture=neutral, PublicKeyToken=null" name="TestIfEndPointExists" />
    </UnitTest>
    <UnitTest name="TestIfStartPointIsLessThanEndPointThrowException" storage="c:\wells fargo\git\tdd_arithmeticquiz\arithmeticquiz\arithmeticquiztests\bin\debug\arithmeticquiztests.dll" id="a9049e13-e6e7-21b2-e522-c0575528519e">
      <Execution id="99251a8c-9505-4d04-9216-a10b0287f4a3" />
      <TestMethod codeBase="C:/wells Fargo/Git/TDD_ArithmeticQuiz/ArithmeticQuiz/ArithmeticQuizTests/bin/Debug/ArithmeticQuizTests.DLL" adapterTypeName="Microsoft.VisualStudio.TestTools.TestTypes.Unit.UnitTestAdapter, Microsoft.VisualStudio.QualityTools.Tips.UnitTest.Adapter, Version=10.0.0.0, Culture=neutral, PublicKeyToken=b03f5f7f11d50a3a" className="ArithmeticQuizTests.RandomGeneratorTests, ArithmeticQuizTests, Version=1.0.0.0, Culture=neutral, PublicKeyToken=null" name="TestIfStartPointIsLessThanEndPointThrowException" />
    </UnitTest>
    <UnitTest name="TestIfNoOfRandomCountsExists" storage="c:\wells fargo\git\tdd_arithmeticquiz\arithmeticquiz\arithmeticquiztests\bin\debug\arithmeticquiztests.dll" id="36e4c1e7-1bfc-2311-9ea4-fb8b79ec2df8">
      <Execution id="f9c355cb-1f6b-497d-914d-a51edb3d3891" />
      <TestMethod codeBase="C:/wells Fargo/Git/TDD_ArithmeticQuiz/ArithmeticQuiz/ArithmeticQuizTests/bin/Debug/ArithmeticQuizTests.DLL" adapterTypeName="Microsoft.VisualStudio.TestTools.TestTypes.Unit.UnitTestAdapter, Microsoft.VisualStudio.QualityTools.Tips.UnitTest.Adapter, Version=10.0.0.0, Culture=neutral, PublicKeyToken=b03f5f7f11d50a3a" className="ArithmeticQuizTests.RandomGeneratorTests, ArithmeticQuizTests, Version=1.0.0.0, Culture=neutral, PublicKeyToken=null" name="TestIfNoOfRandomCountsExists" />
    </UnitTest>
  </TestDefinitions>
  <TestLists>
    <TestList name="Results Not in a List" id="8c84fa94-04c1-424b-9868-57a2d4851a1d" />
    <TestList name="All Loaded Results" id="19431567-8539-422a-85d7-44ee4e166bda" />
  </TestLists>
  <TestEntries>
    <TestEntry testId="0e40b9bd-dcaf-b7b5-edfa-454025281dfb" executionId="93afbe70-f401-4b96-b924-2a40b2f92011" testListId="8c84fa94-04c1-424b-9868-57a2d4851a1d" />
    <TestEntry testId="36e4c1e7-1bfc-2311-9ea4-fb8b79ec2df8" executionId="f9c355cb-1f6b-497d-914d-a51edb3d3891" testListId="8c84fa94-04c1-424b-9868-57a2d4851a1d" />
    <TestEntry testId="92daae77-59eb-29b4-38e0-38c2ca6f7558" executionId="8c51bb9b-33e5-4770-8a2d-a0eeaaa5a8c0" testListId="8c84fa94-04c1-424b-9868-57a2d4851a1d" />
    <TestEntry testId="a9049e13-e6e7-21b2-e522-c0575528519e" executionId="99251a8c-9505-4d04-9216-a10b0287f4a3" testListId="8c84fa94-04c1-424b-9868-57a2d4851a1d" />
  </TestEntries>
  <Results>
    <UnitTestResult executionId="93afbe70-f401-4b96-b924-2a40b2f92011" testId="0e40b9bd-dcaf-b7b5-edfa-454025281dfb" testName="TestIfEndPointExists" computerName="ADMIN-PC" startTime="2015-10-09T10:03:41.5926222+05:30" endTime="2015-10-09T10:03:43.2997198+05:30" testType="13cdc9d9-ddb5-4fa4-a97d-d965ccfc6d4b" testListId="8c84fa94-04c1-424b-9868-57a2d4851a1d" relativeResultsDirectory="93afbe70-f401-4b96-b924-2a40b2f92011">
      <Output>
        <ErrorInfo>
          <Message>The agent process was stopped while the test was running.</Message>
        </ErrorInfo>
      </Output>
    </UnitTestResult>
    <UnitTestResult executionId="f9c355cb-1f6b-497d-914d-a51edb3d3891" testId="36e4c1e7-1bfc-2311-9ea4-fb8b79ec2df8" testName="TestIfNoOfRandomCountsExists" computerName="ADMIN-PC" startTime="2015-10-09T10:03:43.3037201+05:30" endTime="2015-10-09T10:03:44.0537630+05:30" testType="13cdc9d9-ddb5-4fa4-a97d-d965ccfc6d4b" testListId="8c84fa94-04c1-424b-9868-57a2d4851a1d" relativeResultsDirectory="f9c355cb-1f6b-497d-914d-a51edb3d3891">
      <Output>
        <ErrorInfo>
          <Message>The agent process was stopped while the test was running.</Message>
        </ErrorInfo>
      </Output>
    </UnitTestResult>
    <UnitTestResult executionId="8c51bb9b-33e5-4770-8a2d-a0eeaaa5a8c0" testId="92daae77-59eb-29b4-38e0-38c2ca6f7558" testName="TestIfStartPointExists" computerName="ADMIN-PC" startTime="2015-10-09T10:03:44.0577632+05:30" endTime="2015-10-09T10:03:44.4917880+05:30" testType="13cdc9d9-ddb5-4fa4-a97d-d965ccfc6d4b" testListId="8c84fa94-04c1-424b-9868-57a2d4851a1d" relativeResultsDirectory="8c51bb9b-33e5-4770-8a2d-a0eeaaa5a8c0">
      <Output>
        <ErrorInfo>
          <Message>The agent process was stopped while the test was running.</Message>
        </ErrorInfo>
      </Output>
    </UnitTestResult>
    <UnitTestResult executionId="99251a8c-9505-4d04-9216-a10b0287f4a3" testId="a9049e13-e6e7-21b2-e522-c0575528519e" testName="TestIfStartPointIsLessThanEndPointThrowException" computerName="ADMIN-PC" startTime="2015-10-09T10:03:44.4957883+05:30" endTime="2015-10-09T10:03:44.8778101+05:30" testType="13cdc9d9-ddb5-4fa4-a97d-d965ccfc6d4b" testListId="8c84fa94-04c1-424b-9868-57a2d4851a1d" relativeResultsDirectory="99251a8c-9505-4d04-9216-a10b0287f4a3">
      <Output>
        <ErrorInfo>
          <Message>The agent process was stopped while the test was running.</Message>
        </ErrorInfo>
      </Output>
    </UnitTestResult>
  </Results>
</TestRun>