<?xml version="1.0" encoding="UTF-8"?>
<TestRun id="294aef9e-88fd-4de2-9e87-5517f36dac30" name="admin@ADMIN-PC 2015-10-09 10:00:50" runUser="admin-PC\admin" xmlns="http://microsoft.com/schemas/VisualStudio/TeamTest/2010">
  <TestSettings name="Local" id="e94d40cc-ba1c-49e7-b953-c9a79a8d36ef">
    <Description>These are default test settings for a local test run.</Description>
    <Deployment enabled="false" runDeploymentRoot="admin_ADMIN-PC 2015-10-09 10_00_50">
      <DeploymentItem filename="C:\wells Fargo\Git\TDD_ArithmeticQuiz\ArithmeticQuiz\ArithmeticQuiz\bin\Debug\ArithmeticQuiz.dll" />
    </Deployment>
    <Execution>
      <TestTypeSpecific />
      <AgentRule name="Execution Agents">
      </AgentRule>
    </Execution>
  </TestSettings>
  <Times creation="2015-10-09T10:00:50.7678516+05:30" queuing="2015-10-09T10:00:50.7748520+05:30" start="2015-10-09T10:00:50.7808523+05:30" finish="2015-10-09T10:01:00.5604117+05:30" />
  <ResultSummary outcome="Error">
    <Counters total="4" executed="4" error="4" failed="0" timeout="0" aborted="0" inconclusive="0" passedButRunAborted="0" notRunnable="0" notExecuted="0" disconnected="0" warning="0" passed="0" completed="0" inProgress="0" pending="0" />
  </ResultSummary>
  <TestDefinitions>
    <UnitTest name="TestIfStartPointExists" storage="c:\wells fargo\git\tdd_arithmeticquiz\arithmeticquiz\arithmeticquiztests\bin\debug\arithmeticquiztests.dll" id="92daae77-59eb-29b4-38e0-38c2ca6f7558">
      <Execution id="3c11720f-a76e-4fce-9c33-a66f8fb84c2a" />
      <TestMethod codeBase="C:/wells Fargo/Git/TDD_ArithmeticQuiz/ArithmeticQuiz/ArithmeticQuizTests/bin/Debug/ArithmeticQuizTests.DLL" adapterTypeName="Microsoft.VisualStudio.TestTools.TestTypes.Unit.UnitTestAdapter, Microsoft.VisualStudio.QualityTools.Tips.UnitTest.Adapter, Version=10.0.0.0, Culture=neutral, PublicKeyToken=b03f5f7f11d50a3a" className="ArithmeticQuizTests.RandomGeneratorTests, ArithmeticQuizTests, Version=1.0.0.0, Culture=neutral, PublicKeyToken=null" name="TestIfStartPointExists" />
    </UnitTest>
    <UnitTest name="TestIfEndPointExists" storage="c:\wells fargo\git\tdd_arithmeticquiz\arithmeticquiz\arithmeticquiztests\bin\debug\arithmeticquiztests.dll" id="0e40b9bd-dcaf-b7b5-edfa-454025281dfb">
      <Execution id="563dbbc0-7b25-4dce-b966-46999d379f50" />
      <TestMethod codeBase="C:/wells Fargo/Git/TDD_ArithmeticQuiz/ArithmeticQuiz/ArithmeticQuizTests/bin/Debug/ArithmeticQuizTests.DLL" adapterTypeName="Microsoft.VisualStudio.TestTools.TestTypes.Unit.UnitTestAdapter, Microsoft.VisualStudio.QualityTools.Tips.UnitTest.Adapter, Version=10.0.0.0, Culture=neutral, PublicKeyToken=b03f5f7f11d50a3a" className="ArithmeticQuizTests.RandomGeneratorTests, ArithmeticQuizTests, Version=1.0.0.0, Culture=neutral, PublicKeyToken=null" name="TestIfEndPointExists" />
    </UnitTest>
    <UnitTest name="TestIfStartPointIsLessThanEndPointThrowException" storage="c:\wells fargo\git\tdd_arithmeticquiz\arithmeticquiz\arithmeticquiztests\bin\debug\arithmeticquiztests.dll" id="a9049e13-e6e7-21b2-e522-c0575528519e">
      <Execution id="76777485-3589-4d14-9a87-32f25d8c9c8f" />
      <TestMethod codeBase="C:/wells Fargo/Git/TDD_ArithmeticQuiz/ArithmeticQuiz/ArithmeticQuizTests/bin/Debug/ArithmeticQuizTests.DLL" adapterTypeName="Microsoft.VisualStudio.TestTools.TestTypes.Unit.UnitTestAdapter, Microsoft.VisualStudio.QualityTools.Tips.UnitTest.Adapter, Version=10.0.0.0, Culture=neutral, PublicKeyToken=b03f5f7f11d50a3a" className="ArithmeticQuizTests.RandomGeneratorTests, ArithmeticQuizTests, Version=1.0.0.0, Culture=neutral, PublicKeyToken=null" name="TestIfStartPointIsLessThanEndPointThrowException" />
    </UnitTest>
    <UnitTest name="TestIfNoOfRandomCountsExists" storage="c:\wells fargo\git\tdd_arithmeticquiz\arithmeticquiz\arithmeticquiztests\bin\debug\arithmeticquiztests.dll" id="36e4c1e7-1bfc-2311-9ea4-fb8b79ec2df8">
      <Execution id="d1860495-7715-4069-a4cb-bdde14327fcf" />
      <TestMethod codeBase="C:/wells Fargo/Git/TDD_ArithmeticQuiz/ArithmeticQuiz/ArithmeticQuizTests/bin/Debug/ArithmeticQuizTests.DLL" adapterTypeName="Microsoft.VisualStudio.TestTools.TestTypes.Unit.UnitTestAdapter, Microsoft.VisualStudio.QualityTools.Tips.UnitTest.Adapter, Version=10.0.0.0, Culture=neutral, PublicKeyToken=b03f5f7f11d50a3a" className="ArithmeticQuizTests.RandomGeneratorTests, ArithmeticQuizTests, Version=1.0.0.0, Culture=neutral, PublicKeyToken=null" name="TestIfNoOfRandomCountsExists" />
    </UnitTest>
  </TestDefinitions>
  <TestLists>
    <TestList name="Results Not in a List" id="8c84fa94-04c1-424b-9868-57a2d4851a1d" />
    <TestList name="All Loaded Results" id="19431567-8539-422a-85d7-44ee4e166bda" />
  </TestLists>
  <TestEntries>
    <TestEntry testId="0e40b9bd-dcaf-b7b5-edfa-454025281dfb" executionId="563dbbc0-7b25-4dce-b966-46999d379f50" testListId="8c84fa94-04c1-424b-9868-57a2d4851a1d" />
    <TestEntry testId="36e4c1e7-1bfc-2311-9ea4-fb8b79ec2df8" executionId="d1860495-7715-4069-a4cb-bdde14327fcf" testListId="8c84fa94-04c1-424b-9868-57a2d4851a1d" />
    <TestEntry testId="92daae77-59eb-29b4-38e0-38c2ca6f7558" executionId="3c11720f-a76e-4fce-9c33-a66f8fb84c2a" testListId="8c84fa94-04c1-424b-9868-57a2d4851a1d" />
    <TestEntry testId="a9049e13-e6e7-21b2-e522-c0575528519e" executionId="76777485-3589-4d14-9a87-32f25d8c9c8f" testListId="8c84fa94-04c1-424b-9868-57a2d4851a1d" />
  </TestEntries>
  <Results>
    <UnitTestResult executionId="563dbbc0-7b25-4dce-b966-46999d379f50" testId="0e40b9bd-dcaf-b7b5-edfa-454025281dfb" testName="TestIfEndPointExists" computerName="ADMIN-PC" startTime="2015-10-09T10:00:50.7918530+05:30" endTime="2015-10-09T10:00:55.4351185+05:30" testType="13cdc9d9-ddb5-4fa4-a97d-d965ccfc6d4b" testListId="8c84fa94-04c1-424b-9868-57a2d4851a1d" relativeResultsDirectory="563dbbc0-7b25-4dce-b966-46999d379f50">
      <Output>
        <ErrorInfo>
          <Message>The agent process was stopped while the test was running.</Message>
        </ErrorInfo>
      </Output>
    </UnitTestResult>
    <UnitTestResult executionId="d1860495-7715-4069-a4cb-bdde14327fcf" testId="36e4c1e7-1bfc-2311-9ea4-fb8b79ec2df8" testName="TestIfNoOfRandomCountsExists" computerName="ADMIN-PC" startTime="2015-10-09T10:00:55.4381187+05:30" endTime="2015-10-09T10:00:57.1262153+05:30" testType="13cdc9d9-ddb5-4fa4-a97d-d965ccfc6d4b" testListId="8c84fa94-04c1-424b-9868-57a2d4851a1d" relativeResultsDirectory="d1860495-7715-4069-a4cb-bdde14327fcf">
      <Output>
        <ErrorInfo>
          <Message>The agent process was stopped while the test was running.</Message>
        </ErrorInfo>
      </Output>
    </UnitTestResult>
    <UnitTestResult executionId="3c11720f-a76e-4fce-9c33-a66f8fb84c2a" testId="92daae77-59eb-29b4-38e0-38c2ca6f7558" testName="TestIfStartPointExists" computerName="ADMIN-PC" startTime="2015-10-09T10:00:57.1292154+05:30" endTime="2015-10-09T10:00:59.1653319+05:30" testType="13cdc9d9-ddb5-4fa4-a97d-d965ccfc6d4b" testListId="8c84fa94-04c1-424b-9868-57a2d4851a1d" relativeResultsDirectory="3c11720f-a76e-4fce-9c33-a66f8fb84c2a">
      <Output>
        <ErrorInfo>
          <Message>The agent process was stopped while the test was running.</Message>
        </ErrorInfo>
      </Output>
    </UnitTestResult>
    <UnitTestResult executionId="76777485-3589-4d14-9a87-32f25d8c9c8f" testId="a9049e13-e6e7-21b2-e522-c0575528519e" testName="TestIfStartPointIsLessThanEndPointThrowException" computerName="ADMIN-PC" startTime="2015-10-09T10:00:59.1683321+05:30" endTime="2015-10-09T10:01:00.5564115+05:30" testType="13cdc9d9-ddb5-4fa4-a97d-d965ccfc6d4b" testListId="8c84fa94-04c1-424b-9868-57a2d4851a1d" relativeResultsDirectory="76777485-3589-4d14-9a87-32f25d8c9c8f">
      <Output>
        <ErrorInfo>
          <Message>The agent process was stopped while the test was running.</Message>
        </ErrorInfo>
      </Output>
    </UnitTestResult>
  </Results>
</TestRun>