<?xml version="1.0" encoding="UTF-8"?>
<TestRun id="71609914-0e01-4a3d-94a8-96536291c72c" name="admin@ADMIN-PC 2015-10-09 09:54:51" runUser="admin-PC\admin" xmlns="http://microsoft.com/schemas/VisualStudio/TeamTest/2010">
  <TestSettings name="Local" id="e94d40cc-ba1c-49e7-b953-c9a79a8d36ef">
    <Description>These are default test settings for a local test run.</Description>
    <Deployment enabled="false" runDeploymentRoot="admin_ADMIN-PC 2015-10-09 09_54_51">
      <DeploymentItem filename="C:\wells Fargo\Git\TDD_ArithmeticQuiz\ArithmeticQuiz\ArithmeticQuiz\bin\Debug\ArithmeticQuiz.dll" />
    </Deployment>
    <Execution>
      <TestTypeSpecific />
      <AgentRule name="Execution Agents">
      </AgentRule>
    </Execution>
  </TestSettings>
  <Times creation="2015-10-09T09:54:51.9543286+05:30" queuing="2015-10-09T09:54:51.9613290+05:30" start="2015-10-09T09:54:51.9703295+05:30" finish="2015-10-09T09:54:52.1113376+05:30" />
  <ResultSummary outcome="Completed">
    <Counters total="3" executed="3" passed="3" error="0" failed="0" timeout="0" aborted="0" inconclusive="0" passedButRunAborted="0" notRunnable="0" notExecuted="0" disconnected="0" warning="0" completed="0" inProgress="0" pending="0" />
  </ResultSummary>
  <TestDefinitions>
    <UnitTest name="TestIfStartPointExists" storage="c:\wells fargo\git\tdd_arithmeticquiz\arithmeticquiz\arithmeticquiztests\bin\debug\arithmeticquiztests.dll" id="92daae77-59eb-29b4-38e0-38c2ca6f7558">
      <Execution id="a79a3033-8e68-4d1b-917a-ecb95f501ac2" />
      <TestMethod codeBase="C:/wells Fargo/Git/TDD_ArithmeticQuiz/ArithmeticQuiz/ArithmeticQuizTests/bin/Debug/ArithmeticQuizTests.DLL" adapterTypeName="Microsoft.VisualStudio.TestTools.TestTypes.Unit.UnitTestAdapter, Microsoft.VisualStudio.QualityTools.Tips.UnitTest.Adapter, Version=10.0.0.0, Culture=neutral, PublicKeyToken=b03f5f7f11d50a3a" className="ArithmeticQuizTests.RandomGeneratorTests, ArithmeticQuizTests, Version=1.0.0.0, Culture=neutral, PublicKeyToken=null" name="TestIfStartPointExists" />
    </UnitTest>
    <UnitTest name="TestIfEndPointExists" storage="c:\wells fargo\git\tdd_arithmeticquiz\arithmeticquiz\arithmeticquiztests\bin\debug\arithmeticquiztests.dll" id="0e40b9bd-dcaf-b7b5-edfa-454025281dfb">
      <Execution id="670b5d70-7be6-4a7a-bd57-d57748f76774" />
      <TestMethod codeBase="C:/wells Fargo/Git/TDD_ArithmeticQuiz/ArithmeticQuiz/ArithmeticQuizTests/bin/Debug/ArithmeticQuizTests.DLL" adapterTypeName="Microsoft.VisualStudio.TestTools.TestTypes.Unit.UnitTestAdapter, Microsoft.VisualStudio.QualityTools.Tips.UnitTest.Adapter, Version=10.0.0.0, Culture=neutral, PublicKeyToken=b03f5f7f11d50a3a" className="ArithmeticQuizTests.RandomGeneratorTests, ArithmeticQuizTests, Version=1.0.0.0, Culture=neutral, PublicKeyToken=null" name="TestIfEndPointExists" />
    </UnitTest>
    <UnitTest name="TestIfNoOfRandomCountsExists" storage="c:\wells fargo\git\tdd_arithmeticquiz\arithmeticquiz\arithmeticquiztests\bin\debug\arithmeticquiztests.dll" id="36e4c1e7-1bfc-2311-9ea4-fb8b79ec2df8">
      <Execution id="c77725b0-7e67-4201-ad6e-5c019939b92c" />
      <TestMethod codeBase="C:/wells Fargo/Git/TDD_ArithmeticQuiz/ArithmeticQuiz/ArithmeticQuizTests/bin/Debug/ArithmeticQuizTests.DLL" adapterTypeName="Microsoft.VisualStudio.TestTools.TestTypes.Unit.UnitTestAdapter, Microsoft.VisualStudio.QualityTools.Tips.UnitTest.Adapter, Version=10.0.0.0, Culture=neutral, PublicKeyToken=b03f5f7f11d50a3a" className="ArithmeticQuizTests.RandomGeneratorTests, ArithmeticQuizTests, Version=1.0.0.0, Culture=neutral, PublicKeyToken=null" name="TestIfNoOfRandomCountsExists" />
    </UnitTest>
  </TestDefinitions>
  <TestLists>
    <TestList name="Results Not in a List" id="8c84fa94-04c1-424b-9868-57a2d4851a1d" />
    <TestList name="All Loaded Results" id="19431567-8539-422a-85d7-44ee4e166bda" />
  </TestLists>
  <TestEntries>
    <TestEntry testId="0e40b9bd-dcaf-b7b5-edfa-454025281dfb" executionId="670b5d70-7be6-4a7a-bd57-d57748f76774" testListId="8c84fa94-04c1-424b-9868-57a2d4851a1d" />
    <TestEntry testId="36e4c1e7-1bfc-2311-9ea4-fb8b79ec2df8" executionId="c77725b0-7e67-4201-ad6e-5c019939b92c" testListId="8c84fa94-04c1-424b-9868-57a2d4851a1d" />
    <TestEntry testId="92daae77-59eb-29b4-38e0-38c2ca6f7558" executionId="a79a3033-8e68-4d1b-917a-ecb95f501ac2" testListId="8c84fa94-04c1-424b-9868-57a2d4851a1d" />
  </TestEntries>
  <Results>
    <UnitTestResult executionId="670b5d70-7be6-4a7a-bd57-d57748f76774" testId="0e40b9bd-dcaf-b7b5-edfa-454025281dfb" testName="TestIfEndPointExists" computerName="ADMIN-PC" duration="00:00:00.0098946" startTime="2015-10-09T09:54:51.9813302+05:30" endTime="2015-10-09T09:54:52.0913365+05:30" testType="13cdc9d9-ddb5-4fa4-a97d-d965ccfc6d4b" outcome="Passed" testListId="8c84fa94-04c1-424b-9868-57a2d4851a1d" relativeResultsDirectory="670b5d70-7be6-4a7a-bd57-d57748f76774">
    </UnitTestResult>
    <UnitTestResult executionId="c77725b0-7e67-4201-ad6e-5c019939b92c" testId="36e4c1e7-1bfc-2311-9ea4-fb8b79ec2df8" testName="TestIfNoOfRandomCountsExists" computerName="ADMIN-PC" duration="00:00:00.0001793" startTime="2015-10-09T09:54:52.0923365+05:30" endTime="2015-10-09T09:54:52.0953367+05:30" testType="13cdc9d9-ddb5-4fa4-a97d-d965ccfc6d4b" outcome="Passed" testListId="8c84fa94-04c1-424b-9868-57a2d4851a1d" relativeResultsDirectory="c77725b0-7e67-4201-ad6e-5c019939b92c">
    </UnitTestResult>
    <UnitTestResult executionId="a79a3033-8e68-4d1b-917a-ecb95f501ac2" testId="92daae77-59eb-29b4-38e0-38c2ca6f7558" testName="TestIfStartPointExists" computerName="ADMIN-PC" duration="00:00:00.0001616" startTime="2015-10-09T09:54:52.0963367+05:30" endTime="2015-10-09T09:54:52.0993369+05:30" testType="13cdc9d9-ddb5-4fa4-a97d-d965ccfc6d4b" outcome="Passed" testListId="8c84fa94-04c1-424b-9868-57a2d4851a1d" relativeResultsDirectory="a79a3033-8e68-4d1b-917a-ecb95f501ac2">
    </UnitTestResult>
  </Results>
</TestRun>