<?xml version="1.0" encoding="UTF-8"?>
<TestRun id="3f6e4c38-ea0a-4f8f-ada8-cb9406d04fcf" name="admin@ADMIN-PC 2015-10-09 09:58:44" runUser="admin-PC\admin" xmlns="http://microsoft.com/schemas/VisualStudio/TeamTest/2010">
  <TestSettings name="Local" id="e94d40cc-ba1c-49e7-b953-c9a79a8d36ef">
    <Description>These are default test settings for a local test run.</Description>
    <Deployment enabled="false" runDeploymentRoot="admin_ADMIN-PC 2015-10-09 09_58_44">
      <DeploymentItem filename="C:\wells Fargo\Git\TDD_ArithmeticQuiz\ArithmeticQuiz\ArithmeticQuiz\bin\Debug\ArithmeticQuiz.dll" />
    </Deployment>
    <Execution>
      <TestTypeSpecific />
      <AgentRule name="Execution Agents">
      </AgentRule>
    </Execution>
  </TestSettings>
  <Times creation="2015-10-09T09:58:44.2486151+05:30" queuing="2015-10-09T09:58:44.2616158+05:30" start="2015-10-09T09:58:44.2646160+05:30" finish="2015-10-09T09:58:44.4106244+05:30" />
  <ResultSummary outcome="Failed">
    <Counters total="4" executed="4" passed="3" error="0" failed="1" timeout="0" aborted="0" inconclusive="0" passedButRunAborted="0" notRunnable="0" notExecuted="0" disconnected="0" warning="0" completed="0" inProgress="0" pending="0" />
  </ResultSummary>
  <TestDefinitions>
    <UnitTest name="TestIfStartPointExists" storage="c:\wells fargo\git\tdd_arithmeticquiz\arithmeticquiz\arithmeticquiztests\bin\debug\arithmeticquiztests.dll" id="92daae77-59eb-29b4-38e0-38c2ca6f7558">
      <Execution id="bcace1a6-d6ba-493f-a656-153bd30c213f" />
      <TestMethod codeBase="C:/wells Fargo/Git/TDD_ArithmeticQuiz/ArithmeticQuiz/ArithmeticQuizTests/bin/Debug/ArithmeticQuizTests.DLL" adapterTypeName="Microsoft.VisualStudio.TestTools.TestTypes.Unit.UnitTestAdapter, Microsoft.VisualStudio.QualityTools.Tips.UnitTest.Adapter, Version=10.0.0.0, Culture=neutral, PublicKeyToken=b03f5f7f11d50a3a" className="ArithmeticQuizTests.RandomGeneratorTests, ArithmeticQuizTests, Version=1.0.0.0, Culture=neutral, PublicKeyToken=null" name="TestIfStartPointExists" />
    </UnitTest>
    <UnitTest name="TestIfEndPointExists" storage="c:\wells fargo\git\tdd_arithmeticquiz\arithmeticquiz\arithmeticquiztests\bin\debug\arithmeticquiztests.dll" id="0e40b9bd-dcaf-b7b5-edfa-454025281dfb">
      <Execution id="8db52eed-f581-4c8c-959e-eca8fb4e583a" />
      <TestMethod codeBase="C:/wells Fargo/Git/TDD_ArithmeticQuiz/ArithmeticQuiz/ArithmeticQuizTests/bin/Debug/ArithmeticQuizTests.DLL" adapterTypeName="Microsoft.VisualStudio.TestTools.TestTypes.Unit.UnitTestAdapter, Microsoft.VisualStudio.QualityTools.Tips.UnitTest.Adapter, Version=10.0.0.0, Culture=neutral, PublicKeyToken=b03f5f7f11d50a3a" className="ArithmeticQuizTests.RandomGeneratorTests, ArithmeticQuizTests, Version=1.0.0.0, Culture=neutral, PublicKeyToken=null" name="TestIfEndPointExists" />
    </UnitTest>
    <UnitTest name="TestIfStartPointIsLessThanEndPointThrowException" storage="c:\wells fargo\git\tdd_arithmeticquiz\arithmeticquiz\arithmeticquiztests\bin\debug\arithmeticquiztests.dll" id="a9049e13-e6e7-21b2-e522-c0575528519e">
      <Execution id="79718989-4fa3-4549-9acf-9f70df3a740e" />
      <TestMethod codeBase="C:/wells Fargo/Git/TDD_ArithmeticQuiz/ArithmeticQuiz/ArithmeticQuizTests/bin/Debug/ArithmeticQuizTests.DLL" adapterTypeName="Microsoft.VisualStudio.TestTools.TestTypes.Unit.UnitTestAdapter, Microsoft.VisualStudio.QualityTools.Tips.UnitTest.Adapter, Version=10.0.0.0, Culture=neutral, PublicKeyToken=b03f5f7f11d50a3a" className="ArithmeticQuizTests.RandomGeneratorTests, ArithmeticQuizTests, Version=1.0.0.0, Culture=neutral, PublicKeyToken=null" name="TestIfStartPointIsLessThanEndPointThrowException" />
    </UnitTest>
    <UnitTest name="TestIfNoOfRandomCountsExists" storage="c:\wells fargo\git\tdd_arithmeticquiz\arithmeticquiz\arithmeticquiztests\bin\debug\arithmeticquiztests.dll" id="36e4c1e7-1bfc-2311-9ea4-fb8b79ec2df8">
      <Execution id="2d2a70d3-c128-43a1-8501-7838f8761c06" />
      <TestMethod codeBase="C:/wells Fargo/Git/TDD_ArithmeticQuiz/ArithmeticQuiz/ArithmeticQuizTests/bin/Debug/ArithmeticQuizTests.DLL" adapterTypeName="Microsoft.VisualStudio.TestTools.TestTypes.Unit.UnitTestAdapter, Microsoft.VisualStudio.QualityTools.Tips.UnitTest.Adapter, Version=10.0.0.0, Culture=neutral, PublicKeyToken=b03f5f7f11d50a3a" className="ArithmeticQuizTests.RandomGeneratorTests, ArithmeticQuizTests, Version=1.0.0.0, Culture=neutral, PublicKeyToken=null" name="TestIfNoOfRandomCountsExists" />
    </UnitTest>
  </TestDefinitions>
  <TestLists>
    <TestList name="Results Not in a List" id="8c84fa94-04c1-424b-9868-57a2d4851a1d" />
    <TestList name="All Loaded Results" id="19431567-8539-422a-85d7-44ee4e166bda" />
  </TestLists>
  <TestEntries>
    <TestEntry testId="0e40b9bd-dcaf-b7b5-edfa-454025281dfb" executionId="8db52eed-f581-4c8c-959e-eca8fb4e583a" testListId="8c84fa94-04c1-424b-9868-57a2d4851a1d" />
    <TestEntry testId="36e4c1e7-1bfc-2311-9ea4-fb8b79ec2df8" executionId="2d2a70d3-c128-43a1-8501-7838f8761c06" testListId="8c84fa94-04c1-424b-9868-57a2d4851a1d" />
    <TestEntry testId="92daae77-59eb-29b4-38e0-38c2ca6f7558" executionId="bcace1a6-d6ba-493f-a656-153bd30c213f" testListId="8c84fa94-04c1-424b-9868-57a2d4851a1d" />
    <TestEntry testId="a9049e13-e6e7-21b2-e522-c0575528519e" executionId="79718989-4fa3-4549-9acf-9f70df3a740e" testListId="8c84fa94-04c1-424b-9868-57a2d4851a1d" />
  </TestEntries>
  <Results>
    <UnitTestResult executionId="8db52eed-f581-4c8c-959e-eca8fb4e583a" testId="0e40b9bd-dcaf-b7b5-edfa-454025281dfb" testName="TestIfEndPointExists" computerName="ADMIN-PC" duration="00:00:00.0095206" startTime="2015-10-09T09:58:44.2716164+05:30" endTime="2015-10-09T09:58:44.3776225+05:30" testType="13cdc9d9-ddb5-4fa4-a97d-d965ccfc6d4b" outcome="Passed" testListId="8c84fa94-04c1-424b-9868-57a2d4851a1d" relativeResultsDirectory="8db52eed-f581-4c8c-959e-eca8fb4e583a">
    </UnitTestResult>
    <UnitTestResult executionId="2d2a70d3-c128-43a1-8501-7838f8761c06" testId="36e4c1e7-1bfc-2311-9ea4-fb8b79ec2df8" testName="TestIfNoOfRandomCountsExists" computerName="ADMIN-PC" duration="00:00:00.0002317" startTime="2015-10-09T09:58:44.3796226+05:30" endTime="2015-10-09T09:58:44.3846229+05:30" testType="13cdc9d9-ddb5-4fa4-a97d-d965ccfc6d4b" outcome="Passed" testListId="8c84fa94-04c1-424b-9868-57a2d4851a1d" relativeResultsDirectory="2d2a70d3-c128-43a1-8501-7838f8761c06">
    </UnitTestResult>
    <UnitTestResult executionId="bcace1a6-d6ba-493f-a656-153bd30c213f" testId="92daae77-59eb-29b4-38e0-38c2ca6f7558" testName="TestIfStartPointExists" computerName="ADMIN-PC" duration="00:00:00.0001744" startTime="2015-10-09T09:58:44.3866230+05:30" endTime="2015-10-09T09:58:44.3896232+05:30" testType="13cdc9d9-ddb5-4fa4-a97d-d965ccfc6d4b" outcome="Passed" testListId="8c84fa94-04c1-424b-9868-57a2d4851a1d" relativeResultsDirectory="bcace1a6-d6ba-493f-a656-153bd30c213f">
    </UnitTestResult>
    <UnitTestResult executionId="79718989-4fa3-4549-9acf-9f70df3a740e" testId="a9049e13-e6e7-21b2-e522-c0575528519e" testName="TestIfStartPointIsLessThanEndPointThrowException" computerName="ADMIN-PC" duration="00:00:00.0089047" startTime="2015-10-09T09:58:44.3906232+05:30" endTime="2015-10-09T09:58:44.4026239+05:30" testType="13cdc9d9-ddb5-4fa4-a97d-d965ccfc6d4b" outcome="Failed" testListId="8c84fa94-04c1-424b-9868-57a2d4851a1d" relativeResultsDirectory="79718989-4fa3-4549-9acf-9f70df3a740e">
      <Output>
        <ErrorInfo>
          <Message>Assert.IsTrue failed. </Message>
          <StackTrace>   at ArithmeticQuizTests.RandomGeneratorTests.TestIfStartPointIsLessThanEndPointThrowException() in C:\wells Fargo\Git\TDD_ArithmeticQuiz\ArithmeticQuiz\ArithmeticQuizTests\RandomGeneratorTests.cs:line 49
</StackTrace>
        </ErrorInfo>
      </Output>
    </UnitTestResult>
  </Results>
</TestRun>